<?xml version="1.0" encoding="UTF-8"?>
<!-- Generated by org.testng.reporters.JUnitReportReporter -->
<testsuite hostname="DESKTOP-IM0TTON" failures="0" tests="3" name="getRequest.GetData" time="4.240" errors="0" timestamp="2019-10-19T19:03:16 IST" skipped="0">
  <testcase classname="getRequest.GetData" name="GetWeatherDetails" time="2.498"/>
  <testcase classname="getRequest.GetData" name="testBody" time="0.976"/>
  <testcase classname="getRequest.GetData" name="testResponseCode" time="0.766"/>
</testsuite> <!-- getRequest.GetData -->
