<?xml version="1.0" encoding="UTF-8"?>
<!-- Generated by org.testng.reporters.JUnitReportReporter -->
<testsuite hostname="DESKTOP-IM0TTON" failures="0" tests="5" name="getRequest.GetData" time="6.388" errors="0" timestamp="2019-10-20T15:04:38 IST" skipped="0">
  <testcase classname="getRequest.GetData" name="testBody" time="2.533"/>
  <testcase classname="getRequest.GetData" name="testResponseCode" time="0.818"/>
  <testcase classname="getRequest.GetData" name="testPostRequest" time="0.992"/>
  <testcase classname="getRequest.GetData" name="testGetRequest2" time="0.912"/>
  <testcase classname="getRequest.GetData" name="testGetRequest" time="1.133"/>
</testsuite> <!-- getRequest.GetData -->
